# JRE version: Java(TM) SE Runtime Environment (8.0_45-b14) (build 1.8.0_45-b14)
# Java VM: Java HotSpot(TM) 64-Bit Server VM (25.45-b02 mixed mode bsd-amd64 compressed oops)
Heap:
 PSYoungGen      total 309760K, used 170672K [0x00000007aab00000, 0x00000007bfe80000, 0x00000007c0000000)
  eden space 273920K, 52% used [0x00000007aab00000,0x00000007b3849690,0x00000007bb680000)
  from space 35840K, 72% used [0x00000007bdb80000,0x00000007bf4e29d8,0x00000007bfe80000)
  to   space 36864K, 0% used [0x00000007bb680000,0x00000007bb680000,0x00000007bda80000)
 ParOldGen       total 468480K, used 423049K [0x0000000780000000, 0x000000079c980000, 0x00000007aab00000)
  object space 468480K, 90% used [0x0000000780000000,0x0000000799d22760,0x000000079c980000)
 Metaspace       used 120362K, capacity 129218K, committed 129572K, reserved 1163264K
  class space    used 14053K, capacity 16608K, committed 16676K, reserved 1048576K
GC Heap History (10 events):
Event: 29368.135 GC heap before
{Heap before GC invocations=738 (full 196):
 PSYoungGen      total 306176K, used 294484K [0x00000007aab00000, 0x00000007bfe80000, 0x00000007c0000000)
  eden space 264704K, 100% used [0x00000007aab00000,0x00000007bad80000,0x00000007bad80000)
  from space 41472K, 71% used [0x00000007bad80000,0x00000007bca95200,0x00000007bd600000)
  to   space 40448K, 0% used [0x00000007bd700000,0x00000007bd700000,0x00000007bfe80000)
 ParOldGen       total 468480K, used 418789K [0x0000000780000000, 0x000000079c980000, 0x00000007aab00000)
  object space 468480K, 89% used [0x0000000780000000,0x00000007998f9790,0x000000079c980000)
 Metaspace       used 120246K, capacity 128826K, committed 129316K, reserved 1161216K
  class space    used 14047K, capacity 16596K, committed 16676K, reserved 1048576K
Event: 29368.144 GC heap after
Heap after GC invocations=738 (full 196):
 PSYoungGen      total 306176K, used 28879K [0x00000007aab00000, 0x00000007bfd00000, 0x00000007c0000000)
  eden space 267264K, 0% used [0x00000007aab00000,0x00000007aab00000,0x00000007bb000000)
  from space 38912K, 74% used [0x00000007bd700000,0x00000007bf333d00,0x00000007bfd00000)
  to   space 39424K, 0% used [0x00000007bb000000,0x00000007bb000000,0x00000007bd680000)
 ParOldGen       total 468480K, used 420972K [0x0000000780000000, 0x000000079c980000, 0x00000007aab00000)
  object space 468480K, 89% used [0x0000000780000000,0x0000000799b1b2c8,0x000000079c980000)
 Metaspace       used 120246K, capacity 128826K, committed 129316K, reserved 1161216K
  class space    used 14047K, capacity 16596K, committed 16676K, reserved 1048576K
}
Event: 29368.429 GC heap before
{Heap before GC invocations=739 (full 196):
 PSYoungGen      total 306176K, used 296143K [0x00000007aab00000, 0x00000007bfd00000, 0x00000007c0000000)
  eden space 267264K, 100% used [0x00000007aab00000,0x00000007bb000000,0x00000007bb000000)
  from space 38912K, 74% used [0x00000007bd700000,0x00000007bf333d00,0x00000007bfd00000)
  to   space 39424K, 0% used [0x00000007bb000000,0x00000007bb000000,0x00000007bd680000)
 ParOldGen       total 468480K, used 420972K [0x0000000780000000, 0x000000079c980000, 0x00000007aab00000)
  object space 468480K, 89% used [0x0000000780000000,0x0000000799b1b2c8,0x000000079c980000)
 Metaspace       used 120249K, capacity 128826K, committed 129316K, reserved 1161216K
  class space    used 14047K, capacity 16596K, committed 16676K, reserved 1048576K
Event: 29368.436 GC heap after
Heap after GC invocations=739 (full 196):
 PSYoungGen      total 306688K, used 25618K [0x00000007aab00000, 0x00000007bff80000, 0x00000007c0000000)
  eden space 267264K, 0% used [0x00000007aab00000,0x00000007aab00000,0x00000007bb000000)
  from space 39424K, 64% used [0x00000007bb000000,0x00000007bc904888,0x00000007bd680000)
  to   space 38912K, 0% used [0x00000007bd980000,0x00000007bd980000,0x00000007bff80000)
 ParOldGen       total 468480K, used 420980K [0x0000000780000000, 0x000000079c980000, 0x00000007aab00000)
  object space 468480K, 89% used [0x0000000780000000,0x0000000799b1d2c8,0x000000079c980000)
 Metaspace       used 120249K, capacity 128826K, committed 129316K, reserved 1161216K
  class space    used 14047K, capacity 16596K, committed 16676K, reserved 1048576K
}
Event: 29427.192 GC heap before
{Heap before GC invocations=740 (full 196):
 PSYoungGen      total 306688K, used 292882K [0x00000007aab00000, 0x00000007bff80000, 0x00000007c0000000)
  eden space 267264K, 100% used [0x00000007aab00000,0x00000007bb000000,0x00000007bb000000)
  from space 39424K, 64% used [0x00000007bb000000,0x00000007bc904888,0x00000007bd680000)
  to   space 38912K, 0% used [0x00000007bd980000,0x00000007bd980000,0x00000007bff80000)
 ParOldGen       total 468480K, used 420980K [0x0000000780000000, 0x000000079c980000, 0x00000007aab00000)
  object space 468480K, 89% used [0x0000000780000000,0x0000000799b1d2c8,0x000000079c980000)
 Metaspace       used 120350K, capacity 129218K, committed 129572K, reserved 1163264K
  class space    used 14053K, capacity 16608K, committed 16676K, reserved 1048576K
Event: 29427.201 GC heap after
Heap after GC invocations=740 (full 196):
 PSYoungGen      total 307712K, used 28611K [0x00000007aab00000, 0x00000007bfd80000, 0x00000007c0000000)
  eden space 270848K, 0% used [0x00000007aab00000,0x00000007aab00000,0x00000007bb380000)
  from space 36864K, 77% used [0x00000007bd980000,0x00000007bf570e38,0x00000007bfd80000)
  to   space 37888K, 0% used [0x00000007bb380000,0x00000007bb380000,0x00000007bd880000)
 ParOldGen       total 468480K, used 421060K [0x0000000780000000, 0x000000079c980000, 0x00000007aab00000)
  object space 468480K, 89% used [0x0000000780000000,0x0000000799b312c8,0x000000079c980000)
 Metaspace       used 120350K, capacity 129218K, committed 129572K, reserved 1163264K
  class space    used 14053K, capacity 16608K, committed 16676K, reserved 1048576K
}
Event: 29427.518 GC heap before
{Heap before GC invocations=741 (full 196):
 PSYoungGen      total 307712K, used 299459K [0x00000007aab00000, 0x00000007bfd80000, 0x00000007c0000000)
  eden space 270848K, 100% used [0x00000007aab00000,0x00000007bb380000,0x00000007bb380000)
  from space 36864K, 77% used [0x00000007bd980000,0x00000007bf570e38,0x00000007bfd80000)
  to   space 37888K, 0% used [0x00000007bb380000,0x00000007bb380000,0x00000007bd880000)
 ParOldGen       total 468480K, used 421060K [0x0000000780000000, 0x000000079c980000, 0x00000007aab00000)
  object space 468480K, 89% used [0x0000000780000000,0x0000000799b312c8,0x000000079c980000)
 Metaspace       used 120350K, capacity 129218K, committed 129572K, reserved 1163264K
  class space    used 14053K, capacity 16608K, committed 16676K, reserved 1048576K
Event: 29427.527 GC heap after
Heap after GC invocations=741 (full 196):
 PSYoungGen      total 308736K, used 28226K [0x00000007aab00000, 0x00000007c0000000, 0x00000007c0000000)
  eden space 270848K, 0% used [0x00000007aab00000,0x00000007aab00000,0x00000007bb380000)
  from space 37888K, 74% used [0x00000007bb380000,0x00000007bcf10800,0x00000007bd880000)
  to   space 37376K, 0% used [0x00000007bdb80000,0x00000007bdb80000,0x00000007c0000000)
 ParOldGen       total 468480K, used 422886K [0x0000000780000000, 0x000000079c980000, 0x00000007aab00000)
  object space 468480K, 90% used [0x0000000780000000,0x0000000799cf99b0,0x000000079c980000)
 Metaspace       used 120350K, capacity 129218K, committed 129572K, reserved 1163264K
  class space    used 14053K, capacity 16608K, committed 16676K, reserved 1048576K
}
Event: 29961.040 GC heap before
{Heap before GC invocations=742 (full 196):
 PSYoungGen      total 308736K, used 299074K [0x00000007aab00000, 0x00000007c0000000, 0x00000007c0000000)
  eden space 270848K, 100% used [0x00000007aab00000,0x00000007bb380000,0x00000007bb380000)
  from space 37888K, 74% used [0x00000007bb380000,0x00000007bcf10800,0x00000007bd880000)
  to   space 37376K, 0% used [0x00000007bdb80000,0x00000007bdb80000,0x00000007c0000000)
 ParOldGen       total 468480K, used 422886K [0x0000000780000000, 0x000000079c980000, 0x00000007aab00000)
  object space 468480K, 90% used [0x0000000780000000,0x0000000799cf99b0,0x000000079c980000)
 Metaspace       used 120360K, capacity 129218K, committed 129572K, reserved 1163264K
  class space    used 14053K, capacity 16608K, committed 16676K, reserved 1048576K
Event: 29961.053 GC heap after
Heap after GC invocations=742 (full 196):
 PSYoungGen      total 309760K, used 25994K [0x00000007aab00000, 0x00000007bfe80000, 0x00000007c0000000)
  eden space 273920K, 0% used [0x00000007aab00000,0x00000007aab00000,0x00000007bb680000)
  from space 35840K, 72% used [0x00000007bdb80000,0x00000007bf4e29d8,0x00000007bfe80000)
  to   space 36864K, 0% used [0x00000007bb680000,0x00000007bb680000,0x00000007bda80000)
 ParOldGen       total 468480K, used 423049K [0x0000000780000000, 0x000000079c980000, 0x00000007aab00000)
  object space 468480K, 90% used [0x0000000780000000,0x0000000799d22760,0x000000079c980000)
 Metaspace       used 120360K, capacity 129218K, committed 129572K, reserved 1163264K
  class space    used 14053K, capacity 16608K, committed 16676K, reserved 1048576K
}

