# JRE version: Java(TM) SE Runtime Environment (8.0_45-b14) (build 1.8.0_45-b14)
# Java VM: Java HotSpot(TM) 64-Bit Server VM (25.45-b02 mixed mode bsd-amd64 compressed oops)
Heap:
 PSYoungGen      total 322560K, used 166345K [0x00000007aab00000, 0x00000007bff00000, 0x00000007c0000000)
  eden space 307200K, 49% used [0x00000007aab00000,0x00000007b3ec6b48,0x00000007bd700000)
  from space 15360K, 97% used [0x00000007bd700000,0x00000007be5aba98,0x00000007be600000)
  to   space 20480K, 0% used [0x00000007beb00000,0x00000007beb00000,0x00000007bff00000)
 ParOldGen       total 664064K, used 564194K [0x0000000780000000, 0x00000007a8880000, 0x00000007aab00000)
  object space 664064K, 84% used [0x0000000780000000,0x00000007a26f8898,0x00000007a8880000)
 Metaspace       used 159744K, capacity 168714K, committed 169048K, reserved 1198080K
  class space    used 18010K, capacity 20579K, committed 20608K, reserved 1048576K
GC Heap History (10 events):
Event: 52041.192 GC heap before
{Heap before GC invocations=4226 (full 280):
 PSYoungGen      total 327168K, used 320343K [0x00000007aab00000, 0x00000007c0000000, 0x00000007c0000000)
  eden space 306176K, 100% used [0x00000007aab00000,0x00000007bd600000,0x00000007bd600000)
  from space 20992K, 67% used [0x00000007beb80000,0x00000007bf955f18,0x00000007c0000000)
  to   space 21504K, 0% used [0x00000007bd600000,0x00000007bd600000,0x00000007beb00000)
 ParOldGen       total 664064K, used 563912K [0x0000000780000000, 0x00000007a8880000, 0x00000007aab00000)
  object space 664064K, 84% used [0x0000000780000000,0x00000007a26b2188,0x00000007a8880000)
 Metaspace       used 159739K, capacity 168714K, committed 169048K, reserved 1198080K
  class space    used 18009K, capacity 20579K, committed 20608K, reserved 1048576K
Event: 52041.199 GC heap after
Heap after GC invocations=4226 (full 280):
 PSYoungGen      total 327680K, used 15454K [0x00000007aab00000, 0x00000007bff80000, 0x00000007c0000000)
  eden space 306176K, 0% used [0x00000007aab00000,0x00000007aab00000,0x00000007bd600000)
  from space 21504K, 71% used [0x00000007bd600000,0x00000007be517a70,0x00000007beb00000)
  to   space 20992K, 0% used [0x00000007beb00000,0x00000007beb00000,0x00000007bff80000)
 ParOldGen       total 664064K, used 563936K [0x0000000780000000, 0x00000007a8880000, 0x00000007aab00000)
  object space 664064K, 84% used [0x0000000780000000,0x00000007a26b8188,0x00000007a8880000)
 Metaspace       used 159739K, capacity 168714K, committed 169048K, reserved 1198080K
  class space    used 18009K, capacity 20579K, committed 20608K, reserved 1048576K
}
Event: 52051.419 GC heap before
{Heap before GC invocations=4227 (full 280):
 PSYoungGen      total 327680K, used 321630K [0x00000007aab00000, 0x00000007bff80000, 0x00000007c0000000)
  eden space 306176K, 100% used [0x00000007aab00000,0x00000007bd600000,0x00000007bd600000)
  from space 21504K, 71% used [0x00000007bd600000,0x00000007be517a70,0x00000007beb00000)
  to   space 20992K, 0% used [0x00000007beb00000,0x00000007beb00000,0x00000007bff80000)
 ParOldGen       total 664064K, used 563936K [0x0000000780000000, 0x00000007a8880000, 0x00000007aab00000)
  object space 664064K, 84% used [0x0000000780000000,0x00000007a26b8188,0x00000007a8880000)
 Metaspace       used 159741K, capacity 168714K, committed 169048K, reserved 1198080K
  class space    used 18009K, capacity 20579K, committed 20608K, reserved 1048576K
Event: 52051.426 GC heap after
Heap after GC invocations=4227 (full 280):
 PSYoungGen      total 327680K, used 14127K [0x00000007aab00000, 0x00000007bff80000, 0x00000007c0000000)
  eden space 306688K, 0% used [0x00000007aab00000,0x00000007aab00000,0x00000007bd680000)
  from space 20992K, 67% used [0x00000007beb00000,0x00000007bf8cbef0,0x00000007bff80000)
  to   space 20992K, 0% used [0x00000007bd680000,0x00000007bd680000,0x00000007beb00000)
 ParOldGen       total 664064K, used 564058K [0x0000000780000000, 0x00000007a8880000, 0x00000007aab00000)
  object space 664064K, 84% used [0x0000000780000000,0x00000007a26d6898,0x00000007a8880000)
 Metaspace       used 159741K, capacity 168714K, committed 169048K, reserved 1198080K
  class space    used 18009K, capacity 20579K, committed 20608K, reserved 1048576K
}
Event: 52051.856 GC heap before
{Heap before GC invocations=4228 (full 280):
 PSYoungGen      total 327680K, used 320815K [0x00000007aab00000, 0x00000007bff80000, 0x00000007c0000000)
  eden space 306688K, 100% used [0x00000007aab00000,0x00000007bd680000,0x00000007bd680000)
  from space 20992K, 67% used [0x00000007beb00000,0x00000007bf8cbef0,0x00000007bff80000)
  to   space 20992K, 0% used [0x00000007bd680000,0x00000007bd680000,0x00000007beb00000)
 ParOldGen       total 664064K, used 564058K [0x0000000780000000, 0x00000007a8880000, 0x00000007aab00000)
  object space 664064K, 84% used [0x0000000780000000,0x00000007a26d6898,0x00000007a8880000)
 Metaspace       used 159742K, capacity 168714K, committed 169048K, reserved 1198080K
  class space    used 18009K, capacity 20579K, committed 20608K, reserved 1048576K
Event: 52051.863 GC heap after
Heap after GC invocations=4228 (full 280):
 PSYoungGen      total 327680K, used 14824K [0x00000007aab00000, 0x00000007c0000000, 0x00000007c0000000)
  eden space 306688K, 0% used [0x00000007aab00000,0x00000007aab00000,0x00000007bd680000)
  from space 20992K, 70% used [0x00000007bd680000,0x00000007be4fa1f8,0x00000007beb00000)
  to   space 20992K, 0% used [0x00000007beb80000,0x00000007beb80000,0x00000007c0000000)
 ParOldGen       total 664064K, used 564082K [0x0000000780000000, 0x00000007a8880000, 0x00000007aab00000)
  object space 664064K, 84% used [0x0000000780000000,0x00000007a26dc898,0x00000007a8880000)
 Metaspace       used 159742K, capacity 168714K, committed 169048K, reserved 1198080K
  class space    used 18009K, capacity 20579K, committed 20608K, reserved 1048576K
}
Event: 52059.381 GC heap before
{Heap before GC invocations=4229 (full 280):
 PSYoungGen      total 327680K, used 319783K [0x00000007aab00000, 0x00000007c0000000, 0x00000007c0000000)
  eden space 306688K, 99% used [0x00000007aab00000,0x00000007bd4cfd00,0x00000007bd680000)
  from space 20992K, 70% used [0x00000007bd680000,0x00000007be4fa1f8,0x00000007beb00000)
  to   space 20992K, 0% used [0x00000007beb80000,0x00000007beb80000,0x00000007c0000000)
 ParOldGen       total 664064K, used 564082K [0x0000000780000000, 0x00000007a8880000, 0x00000007aab00000)
  object space 664064K, 84% used [0x0000000780000000,0x00000007a26dc898,0x00000007a8880000)
 Metaspace       used 159742K, capacity 168714K, committed 169048K, reserved 1198080K
  class space    used 18009K, capacity 20579K, committed 20608K, reserved 1048576K
Event: 52059.388 GC heap after
Heap after GC invocations=4229 (full 280):
 PSYoungGen      total 328192K, used 13727K [0x00000007aab00000, 0x00000007c0000000, 0x00000007c0000000)
  eden space 307200K, 0% used [0x00000007aab00000,0x00000007aab00000,0x00000007bd700000)
  from space 20992K, 65% used [0x00000007beb80000,0x00000007bf8e7c70,0x00000007c0000000)
  to   space 20992K, 0% used [0x00000007bd700000,0x00000007bd700000,0x00000007beb80000)
 ParOldGen       total 664064K, used 564114K [0x0000000780000000, 0x00000007a8880000, 0x00000007aab00000)
  object space 664064K, 84% used [0x0000000780000000,0x00000007a26e4898,0x00000007a8880000)
 Metaspace       used 159742K, capacity 168714K, committed 169048K, reserved 1198080K
  class space    used 18009K, capacity 20579K, committed 20608K, reserved 1048576K
}
Event: 52674.220 GC heap before
{Heap before GC invocations=4230 (full 280):
 PSYoungGen      total 328192K, used 320927K [0x00000007aab00000, 0x00000007c0000000, 0x00000007c0000000)
  eden space 307200K, 100% used [0x00000007aab00000,0x00000007bd700000,0x00000007bd700000)
  from space 20992K, 65% used [0x00000007beb80000,0x00000007bf8e7c70,0x00000007c0000000)
  to   space 20992K, 0% used [0x00000007bd700000,0x00000007bd700000,0x00000007beb80000)
 ParOldGen       total 664064K, used 564114K [0x0000000780000000, 0x00000007a8880000, 0x00000007aab00000)
  object space 664064K, 84% used [0x0000000780000000,0x00000007a26e4898,0x00000007a8880000)
 Metaspace       used 159742K, capacity 168714K, committed 169048K, reserved 1198080K
  class space    used 18009K, capacity 20579K, committed 20608K, reserved 1048576K
Event: 52674.227 GC heap after
Heap after GC invocations=4230 (full 280):
 PSYoungGen      total 322560K, used 15022K [0x00000007aab00000, 0x00000007bff00000, 0x00000007c0000000)
  eden space 307200K, 0% used [0x00000007aab00000,0x00000007aab00000,0x00000007bd700000)
  from space 15360K, 97% used [0x00000007bd700000,0x00000007be5aba98,0x00000007be600000)
  to   space 20480K, 0% used [0x00000007beb00000,0x00000007beb00000,0x00000007bff00000)
 ParOldGen       total 664064K, used 564194K [0x0000000780000000, 0x00000007a8880000, 0x00000007aab00000)
  object space 664064K, 84% used [0x0000000780000000,0x00000007a26f8898,0x00000007a8880000)
 Metaspace       used 159742K, capacity 168714K, committed 169048K, reserved 1198080K
  class space    used 18009K, capacity 20579K, committed 20608K, reserved 1048576K
}

